Jan 13, 2026 11:00:08 PM ai.glog.service.GlogService getFromGlog
SEVERE: java.lang.IllegalStateException: Expected BEGIN_ARRAY but was BEGIN_OBJECT at line 1 column 2 path $
{"sink":["Ensure this field has no more than 5000 characters."]}
com.google.gson.JsonSyntaxException: java.lang.IllegalStateException: Expected BEGIN_ARRAY but was BEGIN_OBJECT at line 1 column 2 path $
	at com.google.gson.Gson.fromJson(Gson.java:1003)
	at com.google.gson.Gson.fromJson(Gson.java:956)
	at com.google.gson.Gson.fromJson(Gson.java:905)
	at ai.glog.service.GlogService.getFromGlog(GlogService.java:174)
	at ai.glog.execute.workers.TriageAndRemediationCallableWorker.setGeneralRemediation(TriageAndRemediationCallableWorker.java:212)
	at ai.glog.execute.workers.TriageAndRemediationCallableWorker.call(TriageAndRemediationCallableWorker.java:64)
	at ai.glog.execute.workers.TriageAndRemediationCallableWorker.call(TriageAndRemediationCallableWorker.java:32)
	at java.base/java.util.concurrent.FutureTask.run(FutureTask.java:317)
	at java.base/java.util.concurrent.ThreadPoolExecutor.runWorker(ThreadPoolExecutor.java:1144)
	at java.base/java.util.concurrent.ThreadPoolExecutor$Worker.run(ThreadPoolExecutor.java:642)
	at java.base/java.lang.Thread.run(Thread.java:1623)
Caused by: java.lang.IllegalStateException: Expected BEGIN_ARRAY but was BEGIN_OBJECT at line 1 column 2 path $
	at com.google.gson.stream.JsonReader.beginArray(JsonReader.java:350)
	at com.google.gson.internal.bind.ArrayTypeAdapter.read(ArrayTypeAdapter.java:70)
	at com.google.gson.Gson.fromJson(Gson.java:991)
	... 10 more

Jan 13, 2026 11:00:08 PM ai.glog.service.GlogService getFromGlog
SEVERE: java.lang.IllegalStateException: Expected BEGIN_ARRAY but was BEGIN_OBJECT at line 1 column 2 path $
{"sink":["Ensure this field has no more than 5000 characters."]}
com.google.gson.JsonSyntaxException: java.lang.IllegalStateException: Expected BEGIN_ARRAY but was BEGIN_OBJECT at line 1 column 2 path $
	at com.google.gson.Gson.fromJson(Gson.java:1003)
	at com.google.gson.Gson.fromJson(Gson.java:956)
	at com.google.gson.Gson.fromJson(Gson.java:905)
	at ai.glog.service.GlogService.getFromGlog(GlogService.java:174)
	at ai.glog.execute.workers.TriageAndRemediationCallableWorker.setGeneralRemediation(TriageAndRemediationCallableWorker.java:212)
	at ai.glog.execute.workers.TriageAndRemediationCallableWorker.call(TriageAndRemediationCallableWorker.java:64)
	at ai.glog.execute.workers.TriageAndRemediationCallableWorker.call(TriageAndRemediationCallableWorker.java:32)
	at java.base/java.util.concurrent.FutureTask.run(FutureTask.java:317)
	at java.base/java.util.concurrent.ThreadPoolExecutor.runWorker(ThreadPoolExecutor.java:1144)
	at java.base/java.util.concurrent.ThreadPoolExecutor$Worker.run(ThreadPoolExecutor.java:642)
	at java.base/java.lang.Thread.run(Thread.java:1623)
Caused by: java.lang.IllegalStateException: Expected BEGIN_ARRAY but was BEGIN_OBJECT at line 1 column 2 path $
	at com.google.gson.stream.JsonReader.beginArray(JsonReader.java:350)
	at com.google.gson.internal.bind.ArrayTypeAdapter.read(ArrayTypeAdapter.java:70)
	at com.google.gson.Gson.fromJson(Gson.java:991)
	... 10 more

Jan 13, 2026 11:00:08 PM ai.glog.service.GlogService getFromGlog
SEVERE: java.lang.IllegalStateException: Expected BEGIN_ARRAY but was BEGIN_OBJECT at line 1 column 2 path $
{"sink":["Ensure this field has no more than 5000 characters."]}
com.google.gson.JsonSyntaxException: java.lang.IllegalStateException: Expected BEGIN_ARRAY but was BEGIN_OBJECT at line 1 column 2 path $
	at com.google.gson.Gson.fromJson(Gson.java:1003)
	at com.google.gson.Gson.fromJson(Gson.java:956)
	at com.google.gson.Gson.fromJson(Gson.java:905)
	at ai.glog.service.GlogService.getFromGlog(GlogService.java:174)
	at ai.glog.execute.workers.TriageAndRemediationCallableWorker.setGeneralRemediation(TriageAndRemediationCallableWorker.java:212)
	at ai.glog.execute.workers.TriageAndRemediationCallableWorker.call(TriageAndRemediationCallableWorker.java:64)
	at ai.glog.execute.workers.TriageAndRemediationCallableWorker.call(TriageAndRemediationCallableWorker.java:32)
	at java.base/java.util.concurrent.FutureTask.run(FutureTask.java:317)
	at java.base/java.util.concurrent.ThreadPoolExecutor.runWorker(ThreadPoolExecutor.java:1144)
	at java.base/java.util.concurrent.ThreadPoolExecutor$Worker.run(ThreadPoolExecutor.java:642)
	at java.base/java.lang.Thread.run(Thread.java:1623)
Caused by: java.lang.IllegalStateException: Expected BEGIN_ARRAY but was BEGIN_OBJECT at line 1 column 2 path $
	at com.google.gson.stream.JsonReader.beginArray(JsonReader.java:350)
	at com.google.gson.internal.bind.ArrayTypeAdapter.read(ArrayTypeAdapter.java:70)
	at com.google.gson.Gson.fromJson(Gson.java:991)
	... 10 more

Jan 13, 2026 11:00:08 PM ai.glog.service.GlogService getFromGlog
SEVERE: java.lang.IllegalStateException: Expected BEGIN_ARRAY but was BEGIN_OBJECT at line 1 column 2 path $
{"sink":["Ensure this field has no more than 5000 characters."]}
com.google.gson.JsonSyntaxException: java.lang.IllegalStateException: Expected BEGIN_ARRAY but was BEGIN_OBJECT at line 1 column 2 path $
	at com.google.gson.Gson.fromJson(Gson.java:1003)
	at com.google.gson.Gson.fromJson(Gson.java:956)
	at com.google.gson.Gson.fromJson(Gson.java:905)
	at ai.glog.service.GlogService.getFromGlog(GlogService.java:174)
	at ai.glog.execute.workers.TriageAndRemediationCallableWorker.setGeneralRemediation(TriageAndRemediationCallableWorker.java:212)
	at ai.glog.execute.workers.TriageAndRemediationCallableWorker.call(TriageAndRemediationCallableWorker.java:64)
	at ai.glog.execute.workers.TriageAndRemediationCallableWorker.call(TriageAndRemediationCallableWorker.java:32)
	at java.base/java.util.concurrent.FutureTask.run(FutureTask.java:317)
	at java.base/java.util.concurrent.ThreadPoolExecutor.runWorker(ThreadPoolExecutor.java:1144)
	at java.base/java.util.concurrent.ThreadPoolExecutor$Worker.run(ThreadPoolExecutor.java:642)
	at java.base/java.lang.Thread.run(Thread.java:1623)
Caused by: java.lang.IllegalStateException: Expected BEGIN_ARRAY but was BEGIN_OBJECT at line 1 column 2 path $
	at com.google.gson.stream.JsonReader.beginArray(JsonReader.java:350)
	at com.google.gson.internal.bind.ArrayTypeAdapter.read(ArrayTypeAdapter.java:70)
	at com.google.gson.Gson.fromJson(Gson.java:991)
	... 10 more

Jan 13, 2026 11:00:08 PM ai.glog.service.GlogService getFromGlog
SEVERE: java.lang.IllegalStateException: Expected BEGIN_ARRAY but was BEGIN_OBJECT at line 1 column 2 path $
{"sink":["Ensure this field has no more than 5000 characters."]}
com.google.gson.JsonSyntaxException: java.lang.IllegalStateException: Expected BEGIN_ARRAY but was BEGIN_OBJECT at line 1 column 2 path $
	at com.google.gson.Gson.fromJson(Gson.java:1003)
	at com.google.gson.Gson.fromJson(Gson.java:956)
	at com.google.gson.Gson.fromJson(Gson.java:905)
	at ai.glog.service.GlogService.getFromGlog(GlogService.java:174)
	at ai.glog.execute.workers.TriageAndRemediationCallableWorker.setGeneralRemediation(TriageAndRemediationCallableWorker.java:212)
	at ai.glog.execute.workers.TriageAndRemediationCallableWorker.call(TriageAndRemediationCallableWorker.java:64)
	at ai.glog.execute.workers.TriageAndRemediationCallableWorker.call(TriageAndRemediationCallableWorker.java:32)
	at java.base/java.util.concurrent.FutureTask.run(FutureTask.java:317)
	at java.base/java.util.concurrent.ThreadPoolExecutor.runWorker(ThreadPoolExecutor.java:1144)
	at java.base/java.util.concurrent.ThreadPoolExecutor$Worker.run(ThreadPoolExecutor.java:642)
	at java.base/java.lang.Thread.run(Thread.java:1623)
Caused by: java.lang.IllegalStateException: Expected BEGIN_ARRAY but was BEGIN_OBJECT at line 1 column 2 path $
	at com.google.gson.stream.JsonReader.beginArray(JsonReader.java:350)
	at com.google.gson.internal.bind.ArrayTypeAdapter.read(ArrayTypeAdapter.java:70)
	at com.google.gson.Gson.fromJson(Gson.java:991)
	... 10 more

Jan 13, 2026 11:00:51 PM ai.glog.plugins.spotbugs.bug.resolve.SpringMvcEndpointResolver getDetailText
SEVERE: next on empty iterator
java.util.NoSuchElementException: next on empty iterator
	at scala.collection.Iterator$$anon$19.next(Iterator.scala:973)
	at scala.collection.Iterator$$anon$19.next(Iterator.scala:971)
	at scala.collection.Iterator$$anon$6.next(Iterator.scala:492)
	at flatgraph.traversal.GenericSteps$.head$extension(Language.scala:80)
	at ai.glog.cpg.analysis.TypeAnalyzer.getPublicStringFields(TypeAnalyzer.scala:25)
	at ai.glog.cpg.analysis.MethodAnalyzer$.getFieldsToRemediate$$anonfun$1$$anonfun$3(MethodAnalyzer.scala:60)
	at scala.runtime.function.JProcedure1.apply(JProcedure1.java:15)
	at scala.runtime.function.JProcedure1.apply(JProcedure1.java:10)
	at scala.collection.IterableOnceOps.foreach(IterableOnce.scala:619)
	at scala.collection.IterableOnceOps.foreach$(IterableOnce.scala:617)
	at scala.collection.AbstractIterator.foreach(Iterator.scala:1303)
	at ai.glog.cpg.analysis.MethodAnalyzer$.getFieldsToRemediate$$anonfun$1(MethodAnalyzer.scala:35)
	at scala.runtime.function.JProcedure1.apply(JProcedure1.java:15)
	at scala.runtime.function.JProcedure1.apply(JProcedure1.java:10)
	at scala.collection.IterableOnceOps.foreach(IterableOnce.scala:619)
	at scala.collection.IterableOnceOps.foreach$(IterableOnce.scala:617)
	at scala.collection.AbstractIterator.foreach(Iterator.scala:1303)
	at ai.glog.cpg.analysis.MethodAnalyzer$.getFieldsToRemediate(MethodAnalyzer.scala:24)
	at ai.glog.cpg.analysis.MethodAnalyzer.getFieldsToRemediate(MethodAnalyzer.scala)
	at ai.glog.plugins.spotbugs.bug.resolve.SpringMvcEndpointResolver.getFieldsToRemediate(SpringMvcEndpointResolver.java:246)
	at ai.glog.plugins.spotbugs.bug.resolve.SpringMvcEndpointResolver.getDetailText(SpringMvcEndpointResolver.java:182)
	at ai.glog.execute.workers.TriageAndRemediationCallableWorker.call(TriageAndRemediationCallableWorker.java:70)
	at ai.glog.execute.workers.TriageAndRemediationCallableWorker.call(TriageAndRemediationCallableWorker.java:32)
	at java.base/java.util.concurrent.FutureTask.run(FutureTask.java:317)
	at java.base/java.util.concurrent.ThreadPoolExecutor.runWorker(ThreadPoolExecutor.java:1144)
	at java.base/java.util.concurrent.ThreadPoolExecutor$Worker.run(ThreadPoolExecutor.java:642)
	at java.base/java.lang.Thread.run(Thread.java:1623)

Jan 13, 2026 11:01:13 PM ai.glog.plugins.spotbugs.bug.resolve.SqlInjectionResolver getSinkCpg
SEVERE: next on empty iterator
java.util.NoSuchElementException: next on empty iterator
	at scala.collection.Iterator$$anon$19.next(Iterator.scala:973)
	at scala.collection.Iterator$$anon$19.next(Iterator.scala:971)
	at scala.collection.Iterator$$anon$6.next(Iterator.scala:492)
	at flatgraph.traversal.GenericSteps$.head$extension(Language.scala:80)
	at ai.glog.cpg.analysis.SinkAnalyzer$.getSink(SinkAnalyzer.scala:27)
	at ai.glog.cpg.analysis.SinkAnalyzer.getSink(SinkAnalyzer.scala)
	at ai.glog.plugins.spotbugs.bug.resolve.SqlInjectionResolver.getSinkCpg(SqlInjectionResolver.java:181)
	at ai.glog.plugins.spotbugs.bug.resolve.SqlInjectionResolver.remediation(SqlInjectionResolver.java:96)
	at java.base/java.util.concurrent.ConcurrentHashMap.computeIfAbsent(ConcurrentHashMap.java:1708)
	at ai.glog.plugins.spotbugs.bug.resolve.SqlInjectionResolver.isFalsePositive(SqlInjectionResolver.java:72)
	at ai.glog.execute.workers.TriageAndRemediationCallableWorker.isFalsePositive(TriageAndRemediationCallableWorker.java:160)
	at ai.glog.execute.workers.TriageAndRemediationCallableWorker.call(TriageAndRemediationCallableWorker.java:67)
	at ai.glog.execute.workers.TriageAndRemediationCallableWorker.call(TriageAndRemediationCallableWorker.java:32)
	at java.base/java.util.concurrent.FutureTask.run(FutureTask.java:317)
	at java.base/java.util.concurrent.ThreadPoolExecutor.runWorker(ThreadPoolExecutor.java:1144)
	at java.base/java.util.concurrent.ThreadPoolExecutor$Worker.run(ThreadPoolExecutor.java:642)
	at java.base/java.lang.Thread.run(Thread.java:1623)

Jan 13, 2026 11:01:13 PM ai.glog.plugins.spotbugs.bug.resolve.SqlInjectionResolver getSinkCpg
SEVERE: next on empty iterator
java.util.NoSuchElementException: next on empty iterator
	at scala.collection.Iterator$$anon$19.next(Iterator.scala:973)
	at scala.collection.Iterator$$anon$19.next(Iterator.scala:971)
	at scala.collection.Iterator$$anon$6.next(Iterator.scala:492)
	at flatgraph.traversal.GenericSteps$.head$extension(Language.scala:80)
	at ai.glog.cpg.analysis.SinkAnalyzer$.getSink(SinkAnalyzer.scala:22)
	at ai.glog.cpg.analysis.SinkAnalyzer.getSink(SinkAnalyzer.scala)
	at ai.glog.plugins.spotbugs.bug.resolve.SqlInjectionResolver.getSinkCpg(SqlInjectionResolver.java:178)
	at ai.glog.plugins.spotbugs.bug.resolve.SqlInjectionResolver.remediation(SqlInjectionResolver.java:96)
	at java.base/java.util.concurrent.ConcurrentHashMap.computeIfAbsent(ConcurrentHashMap.java:1708)
	at ai.glog.plugins.spotbugs.bug.resolve.SqlInjectionResolver.isFalsePositive(SqlInjectionResolver.java:72)
	at ai.glog.execute.workers.TriageAndRemediationCallableWorker.isFalsePositive(TriageAndRemediationCallableWorker.java:160)
	at ai.glog.execute.workers.TriageAndRemediationCallableWorker.call(TriageAndRemediationCallableWorker.java:67)
	at ai.glog.execute.workers.TriageAndRemediationCallableWorker.call(TriageAndRemediationCallableWorker.java:32)
	at java.base/java.util.concurrent.FutureTask.run(FutureTask.java:317)
	at java.base/java.util.concurrent.ThreadPoolExecutor.runWorker(ThreadPoolExecutor.java:1144)
	at java.base/java.util.concurrent.ThreadPoolExecutor$Worker.run(ThreadPoolExecutor.java:642)
	at java.base/java.lang.Thread.run(Thread.java:1623)

Jan 13, 2026 11:01:14 PM ai.glog.plugins.spotbugs.bug.resolve.SpringMvcEndpointResolver getDetailText
SEVERE: next on empty iterator
java.util.NoSuchElementException: next on empty iterator
	at scala.collection.Iterator$$anon$19.next(Iterator.scala:973)
	at scala.collection.Iterator$$anon$19.next(Iterator.scala:971)
	at scala.collection.Iterator$$anon$6.next(Iterator.scala:492)
	at flatgraph.traversal.GenericSteps$.head$extension(Language.scala:80)
	at ai.glog.cpg.analysis.TypeAnalyzer.getPublicStringFields(TypeAnalyzer.scala:25)
	at ai.glog.cpg.analysis.MethodAnalyzer$.getFieldsToRemediate$$anonfun$1$$anonfun$3(MethodAnalyzer.scala:60)
	at scala.runtime.function.JProcedure1.apply(JProcedure1.java:15)
	at scala.runtime.function.JProcedure1.apply(JProcedure1.java:10)
	at scala.collection.IterableOnceOps.foreach(IterableOnce.scala:619)
	at scala.collection.IterableOnceOps.foreach$(IterableOnce.scala:617)
	at scala.collection.AbstractIterator.foreach(Iterator.scala:1303)
	at ai.glog.cpg.analysis.MethodAnalyzer$.getFieldsToRemediate$$anonfun$1(MethodAnalyzer.scala:35)
	at scala.runtime.function.JProcedure1.apply(JProcedure1.java:15)
	at scala.runtime.function.JProcedure1.apply(JProcedure1.java:10)
	at scala.collection.IterableOnceOps.foreach(IterableOnce.scala:619)
	at scala.collection.IterableOnceOps.foreach$(IterableOnce.scala:617)
	at scala.collection.AbstractIterator.foreach(Iterator.scala:1303)
	at ai.glog.cpg.analysis.MethodAnalyzer$.getFieldsToRemediate(MethodAnalyzer.scala:24)
	at ai.glog.cpg.analysis.MethodAnalyzer.getFieldsToRemediate(MethodAnalyzer.scala)
	at ai.glog.plugins.spotbugs.bug.resolve.SpringMvcEndpointResolver.getFieldsToRemediate(SpringMvcEndpointResolver.java:246)
	at ai.glog.plugins.spotbugs.bug.resolve.SpringMvcEndpointResolver.getDetailText(SpringMvcEndpointResolver.java:182)
	at ai.glog.execute.workers.TriageAndRemediationCallableWorker.call(TriageAndRemediationCallableWorker.java:70)
	at ai.glog.execute.workers.TriageAndRemediationCallableWorker.call(TriageAndRemediationCallableWorker.java:32)
	at java.base/java.util.concurrent.FutureTask.run(FutureTask.java:317)
	at java.base/java.util.concurrent.ThreadPoolExecutor.runWorker(ThreadPoolExecutor.java:1144)
	at java.base/java.util.concurrent.ThreadPoolExecutor$Worker.run(ThreadPoolExecutor.java:642)
	at java.base/java.lang.Thread.run(Thread.java:1623)

Jan 13, 2026 11:02:59 PM ai.glog.plugins.spotbugs.bug.resolve.PathTraversalInResolver getDetailText
SEVERE: next on empty iterator
java.util.NoSuchElementException: next on empty iterator
	at scala.collection.Iterator$$anon$19.next(Iterator.scala:973)
	at scala.collection.Iterator$$anon$19.next(Iterator.scala:971)
	at scala.collection.Iterator$$anon$6.next(Iterator.scala:492)
	at flatgraph.traversal.GenericSteps$.head$extension(Language.scala:80)
	at ai.glog.cpg.analysis.SinkAnalyzer$.getSink(SinkAnalyzer.scala:22)
	at ai.glog.cpg.analysis.SinkAnalyzer.getSink(SinkAnalyzer.scala)
	at ai.glog.reporting.Sarif.getSinkCpg(Sarif.java:210)
	at ai.glog.plugins.spotbugs.bug.resolve.PathTraversalInResolver.getDetailText(PathTraversalInResolver.java:96)
	at ai.glog.execute.workers.TriageAndRemediationCallableWorker.call(TriageAndRemediationCallableWorker.java:70)
	at ai.glog.execute.workers.TriageAndRemediationCallableWorker.call(TriageAndRemediationCallableWorker.java:32)
	at java.base/java.util.concurrent.FutureTask.run(FutureTask.java:317)
	at java.base/java.util.concurrent.ThreadPoolExecutor.runWorker(ThreadPoolExecutor.java:1144)
	at java.base/java.util.concurrent.ThreadPoolExecutor$Worker.run(ThreadPoolExecutor.java:642)
	at java.base/java.lang.Thread.run(Thread.java:1623)

Jan 13, 2026 11:04:51 PM ai.glog.plugins.spotbugs.bug.resolve.SpringMvcEndpointResolver getDetailText
SEVERE: next on empty iterator
java.util.NoSuchElementException: next on empty iterator
	at scala.collection.Iterator$$anon$19.next(Iterator.scala:973)
	at scala.collection.Iterator$$anon$19.next(Iterator.scala:971)
	at scala.collection.Iterator$$anon$6.next(Iterator.scala:492)
	at flatgraph.traversal.GenericSteps$.head$extension(Language.scala:80)
	at ai.glog.cpg.analysis.TypeAnalyzer.getPublicStringFields(TypeAnalyzer.scala:25)
	at ai.glog.cpg.analysis.MethodAnalyzer$.getFieldsToRemediate$$anonfun$1$$anonfun$3$$anonfun$2(MethodAnalyzer.scala:64)
	at scala.collection.IterableOnceOps.foreach(IterableOnce.scala:619)
	at scala.collection.IterableOnceOps.foreach$(IterableOnce.scala:617)
	at scala.collection.AbstractIterator.foreach(Iterator.scala:1303)
	at ai.glog.cpg.analysis.MethodAnalyzer$.getFieldsToRemediate$$anonfun$1$$anonfun$3(MethodAnalyzer.scala:62)
	at scala.runtime.function.JProcedure1.apply(JProcedure1.java:15)
	at scala.runtime.function.JProcedure1.apply(JProcedure1.java:10)
	at scala.collection.IterableOnceOps.foreach(IterableOnce.scala:619)
	at scala.collection.IterableOnceOps.foreach$(IterableOnce.scala:617)
	at scala.collection.AbstractIterator.foreach(Iterator.scala:1303)
	at ai.glog.cpg.analysis.MethodAnalyzer$.getFieldsToRemediate$$anonfun$1(MethodAnalyzer.scala:35)
	at scala.runtime.function.JProcedure1.apply(JProcedure1.java:15)
	at scala.runtime.function.JProcedure1.apply(JProcedure1.java:10)
	at scala.collection.IterableOnceOps.foreach(IterableOnce.scala:619)
	at scala.collection.IterableOnceOps.foreach$(IterableOnce.scala:617)
	at scala.collection.AbstractIterator.foreach(Iterator.scala:1303)
	at ai.glog.cpg.analysis.MethodAnalyzer$.getFieldsToRemediate(MethodAnalyzer.scala:24)
	at ai.glog.cpg.analysis.MethodAnalyzer.getFieldsToRemediate(MethodAnalyzer.scala)
	at ai.glog.plugins.spotbugs.bug.resolve.SpringMvcEndpointResolver.getFieldsToRemediate(SpringMvcEndpointResolver.java:246)
	at ai.glog.plugins.spotbugs.bug.resolve.SpringMvcEndpointResolver.getDetailText(SpringMvcEndpointResolver.java:182)
	at ai.glog.execute.workers.TriageAndRemediationCallableWorker.call(TriageAndRemediationCallableWorker.java:70)
	at ai.glog.execute.workers.TriageAndRemediationCallableWorker.call(TriageAndRemediationCallableWorker.java:32)
	at java.base/java.util.concurrent.FutureTask.run(FutureTask.java:317)
	at java.base/java.util.concurrent.ThreadPoolExecutor.runWorker(ThreadPoolExecutor.java:1144)
	at java.base/java.util.concurrent.ThreadPoolExecutor$Worker.run(ThreadPoolExecutor.java:642)
	at java.base/java.lang.Thread.run(Thread.java:1623)

Jan 13, 2026 11:04:59 PM ai.glog.plugins.spotbugs.bug.resolve.SpringMvcEndpointResolver getDetailText
SEVERE: next on empty iterator
java.util.NoSuchElementException: next on empty iterator
	at scala.collection.Iterator$$anon$19.next(Iterator.scala:973)
	at scala.collection.Iterator$$anon$19.next(Iterator.scala:971)
	at scala.collection.Iterator$$anon$6.next(Iterator.scala:492)
	at flatgraph.traversal.GenericSteps$.head$extension(Language.scala:80)
	at ai.glog.cpg.analysis.TypeAnalyzer.getPublicStringFields(TypeAnalyzer.scala:25)
	at ai.glog.cpg.analysis.MethodAnalyzer$.getFieldsToRemediate$$anonfun$1$$anonfun$3$$anonfun$2(MethodAnalyzer.scala:64)
	at scala.collection.IterableOnceOps.foreach(IterableOnce.scala:619)
	at scala.collection.IterableOnceOps.foreach$(IterableOnce.scala:617)
	at scala.collection.AbstractIterator.foreach(Iterator.scala:1303)
	at ai.glog.cpg.analysis.MethodAnalyzer$.getFieldsToRemediate$$anonfun$1$$anonfun$3(MethodAnalyzer.scala:62)
	at scala.runtime.function.JProcedure1.apply(JProcedure1.java:15)
	at scala.runtime.function.JProcedure1.apply(JProcedure1.java:10)
	at scala.collection.IterableOnceOps.foreach(IterableOnce.scala:619)
	at scala.collection.IterableOnceOps.foreach$(IterableOnce.scala:617)
	at scala.collection.AbstractIterator.foreach(Iterator.scala:1303)
	at ai.glog.cpg.analysis.MethodAnalyzer$.getFieldsToRemediate$$anonfun$1(MethodAnalyzer.scala:35)
	at scala.runtime.function.JProcedure1.apply(JProcedure1.java:15)
	at scala.runtime.function.JProcedure1.apply(JProcedure1.java:10)
	at scala.collection.IterableOnceOps.foreach(IterableOnce.scala:619)
	at scala.collection.IterableOnceOps.foreach$(IterableOnce.scala:617)
	at scala.collection.AbstractIterator.foreach(Iterator.scala:1303)
	at ai.glog.cpg.analysis.MethodAnalyzer$.getFieldsToRemediate(MethodAnalyzer.scala:24)
	at ai.glog.cpg.analysis.MethodAnalyzer.getFieldsToRemediate(MethodAnalyzer.scala)
	at ai.glog.plugins.spotbugs.bug.resolve.SpringMvcEndpointResolver.getFieldsToRemediate(SpringMvcEndpointResolver.java:246)
	at ai.glog.plugins.spotbugs.bug.resolve.SpringMvcEndpointResolver.getDetailText(SpringMvcEndpointResolver.java:182)
	at ai.glog.execute.workers.TriageAndRemediationCallableWorker.call(TriageAndRemediationCallableWorker.java:70)
	at ai.glog.execute.workers.TriageAndRemediationCallableWorker.call(TriageAndRemediationCallableWorker.java:32)
	at java.base/java.util.concurrent.FutureTask.run(FutureTask.java:317)
	at java.base/java.util.concurrent.ThreadPoolExecutor.runWorker(ThreadPoolExecutor.java:1144)
	at java.base/java.util.concurrent.ThreadPoolExecutor$Worker.run(ThreadPoolExecutor.java:642)
	at java.base/java.lang.Thread.run(Thread.java:1623)

Jan 13, 2026 11:05:01 PM ai.glog.plugins.spotbugs.bug.resolve.PathTraversalInResolver getDetailText
SEVERE: next on empty iterator
java.util.NoSuchElementException: next on empty iterator
	at scala.collection.Iterator$$anon$19.next(Iterator.scala:973)
	at scala.collection.Iterator$$anon$19.next(Iterator.scala:971)
	at scala.collection.Iterator$$anon$6.next(Iterator.scala:492)
	at flatgraph.traversal.GenericSteps$.head$extension(Language.scala:80)
	at ai.glog.cpg.analysis.SinkAnalyzer$.getSink(SinkAnalyzer.scala:22)
	at ai.glog.cpg.analysis.SinkAnalyzer.getSink(SinkAnalyzer.scala)
	at ai.glog.reporting.Sarif.getSinkCpg(Sarif.java:210)
	at ai.glog.plugins.spotbugs.bug.resolve.PathTraversalInResolver.getDetailText(PathTraversalInResolver.java:96)
	at ai.glog.execute.workers.TriageAndRemediationCallableWorker.call(TriageAndRemediationCallableWorker.java:70)
	at ai.glog.execute.workers.TriageAndRemediationCallableWorker.call(TriageAndRemediationCallableWorker.java:32)
	at java.base/java.util.concurrent.FutureTask.run(FutureTask.java:317)
	at java.base/java.util.concurrent.ThreadPoolExecutor.runWorker(ThreadPoolExecutor.java:1144)
	at java.base/java.util.concurrent.ThreadPoolExecutor$Worker.run(ThreadPoolExecutor.java:642)
	at java.base/java.lang.Thread.run(Thread.java:1623)

Jan 13, 2026 11:05:03 PM ai.glog.plugins.spotbugs.bug.resolve.PathTraversalInResolver getDetailText
SEVERE: next on empty iterator
java.util.NoSuchElementException: next on empty iterator
	at scala.collection.Iterator$$anon$19.next(Iterator.scala:973)
	at scala.collection.Iterator$$anon$19.next(Iterator.scala:971)
	at scala.collection.Iterator$$anon$6.next(Iterator.scala:492)
	at flatgraph.traversal.GenericSteps$.head$extension(Language.scala:80)
	at ai.glog.cpg.analysis.SinkAnalyzer$.getSink(SinkAnalyzer.scala:22)
	at ai.glog.cpg.analysis.SinkAnalyzer.getSink(SinkAnalyzer.scala)
	at ai.glog.reporting.Sarif.getSinkCpg(Sarif.java:210)
	at ai.glog.plugins.spotbugs.bug.resolve.PathTraversalInResolver.getDetailText(PathTraversalInResolver.java:96)
	at ai.glog.execute.workers.TriageAndRemediationCallableWorker.call(TriageAndRemediationCallableWorker.java:70)
	at ai.glog.execute.workers.TriageAndRemediationCallableWorker.call(TriageAndRemediationCallableWorker.java:32)
	at java.base/java.util.concurrent.FutureTask.run(FutureTask.java:317)
	at java.base/java.util.concurrent.ThreadPoolExecutor.runWorker(ThreadPoolExecutor.java:1144)
	at java.base/java.util.concurrent.ThreadPoolExecutor$Worker.run(ThreadPoolExecutor.java:642)
	at java.base/java.lang.Thread.run(Thread.java:1623)

Jan 13, 2026 11:05:15 PM ai.glog.plugins.spotbugs.bug.resolve.PathTraversalInResolver getDetailText
SEVERE: next on empty iterator
java.util.NoSuchElementException: next on empty iterator
	at scala.collection.Iterator$$anon$19.next(Iterator.scala:973)
	at scala.collection.Iterator$$anon$19.next(Iterator.scala:971)
	at scala.collection.Iterator$$anon$6.next(Iterator.scala:492)
	at flatgraph.traversal.GenericSteps$.head$extension(Language.scala:80)
	at ai.glog.cpg.analysis.SinkAnalyzer$.getSink(SinkAnalyzer.scala:22)
	at ai.glog.cpg.analysis.SinkAnalyzer.getSink(SinkAnalyzer.scala)
	at ai.glog.reporting.Sarif.getSinkCpg(Sarif.java:210)
	at ai.glog.plugins.spotbugs.bug.resolve.PathTraversalInResolver.getDetailText(PathTraversalInResolver.java:96)
	at ai.glog.execute.workers.TriageAndRemediationCallableWorker.call(TriageAndRemediationCallableWorker.java:70)
	at ai.glog.execute.workers.TriageAndRemediationCallableWorker.call(TriageAndRemediationCallableWorker.java:32)
	at java.base/java.util.concurrent.FutureTask.run(FutureTask.java:317)
	at java.base/java.util.concurrent.ThreadPoolExecutor.runWorker(ThreadPoolExecutor.java:1144)
	at java.base/java.util.concurrent.ThreadPoolExecutor$Worker.run(ThreadPoolExecutor.java:642)
	at java.base/java.lang.Thread.run(Thread.java:1623)

Jan 13, 2026 11:05:18 PM ai.glog.plugins.spotbugs.bug.resolve.SpringMvcEndpointResolver getDetailText
SEVERE: next on empty iterator
java.util.NoSuchElementException: next on empty iterator
	at scala.collection.Iterator$$anon$19.next(Iterator.scala:973)
	at scala.collection.Iterator$$anon$19.next(Iterator.scala:971)
	at scala.collection.Iterator$$anon$6.next(Iterator.scala:492)
	at flatgraph.traversal.GenericSteps$.head$extension(Language.scala:80)
	at ai.glog.cpg.analysis.TypeAnalyzer.getPublicStringFields(TypeAnalyzer.scala:25)
	at ai.glog.cpg.analysis.MethodAnalyzer$.getFieldsToRemediate$$anonfun$1$$anonfun$3$$anonfun$2(MethodAnalyzer.scala:64)
	at scala.collection.IterableOnceOps.foreach(IterableOnce.scala:619)
	at scala.collection.IterableOnceOps.foreach$(IterableOnce.scala:617)
	at scala.collection.AbstractIterator.foreach(Iterator.scala:1303)
	at ai.glog.cpg.analysis.MethodAnalyzer$.getFieldsToRemediate$$anonfun$1$$anonfun$3(MethodAnalyzer.scala:62)
	at scala.runtime.function.JProcedure1.apply(JProcedure1.java:15)
	at scala.runtime.function.JProcedure1.apply(JProcedure1.java:10)
	at scala.collection.IterableOnceOps.foreach(IterableOnce.scala:619)
	at scala.collection.IterableOnceOps.foreach$(IterableOnce.scala:617)
	at scala.collection.AbstractIterator.foreach(Iterator.scala:1303)
	at ai.glog.cpg.analysis.MethodAnalyzer$.getFieldsToRemediate$$anonfun$1(MethodAnalyzer.scala:35)
	at scala.runtime.function.JProcedure1.apply(JProcedure1.java:15)
	at scala.runtime.function.JProcedure1.apply(JProcedure1.java:10)
	at scala.collection.IterableOnceOps.foreach(IterableOnce.scala:619)
	at scala.collection.IterableOnceOps.foreach$(IterableOnce.scala:617)
	at scala.collection.AbstractIterator.foreach(Iterator.scala:1303)
	at ai.glog.cpg.analysis.MethodAnalyzer$.getFieldsToRemediate(MethodAnalyzer.scala:24)
	at ai.glog.cpg.analysis.MethodAnalyzer.getFieldsToRemediate(MethodAnalyzer.scala)
	at ai.glog.plugins.spotbugs.bug.resolve.SpringMvcEndpointResolver.getFieldsToRemediate(SpringMvcEndpointResolver.java:246)
	at ai.glog.plugins.spotbugs.bug.resolve.SpringMvcEndpointResolver.getDetailText(SpringMvcEndpointResolver.java:182)
	at ai.glog.execute.workers.TriageAndRemediationCallableWorker.call(TriageAndRemediationCallableWorker.java:70)
	at ai.glog.execute.workers.TriageAndRemediationCallableWorker.call(TriageAndRemediationCallableWorker.java:32)
	at java.base/java.util.concurrent.FutureTask.run(FutureTask.java:317)
	at java.base/java.util.concurrent.ThreadPoolExecutor.runWorker(ThreadPoolExecutor.java:1144)
	at java.base/java.util.concurrent.ThreadPoolExecutor$Worker.run(ThreadPoolExecutor.java:642)
	at java.base/java.lang.Thread.run(Thread.java:1623)

Jan 13, 2026 11:05:44 PM ai.glog.plugins.spotbugs.bug.resolve.SpringMvcEndpointResolver getDetailText
SEVERE: next on empty iterator
java.util.NoSuchElementException: next on empty iterator
	at scala.collection.Iterator$$anon$19.next(Iterator.scala:973)
	at scala.collection.Iterator$$anon$19.next(Iterator.scala:971)
	at scala.collection.Iterator$$anon$6.next(Iterator.scala:492)
	at flatgraph.traversal.GenericSteps$.head$extension(Language.scala:80)
	at ai.glog.cpg.analysis.TypeAnalyzer.getPublicStringFields(TypeAnalyzer.scala:25)
	at ai.glog.cpg.analysis.MethodAnalyzer$.getFieldsToRemediate$$anonfun$1$$anonfun$3(MethodAnalyzer.scala:60)
	at scala.runtime.function.JProcedure1.apply(JProcedure1.java:15)
	at scala.runtime.function.JProcedure1.apply(JProcedure1.java:10)
	at scala.collection.IterableOnceOps.foreach(IterableOnce.scala:619)
	at scala.collection.IterableOnceOps.foreach$(IterableOnce.scala:617)
	at scala.collection.AbstractIterator.foreach(Iterator.scala:1303)
	at ai.glog.cpg.analysis.MethodAnalyzer$.getFieldsToRemediate$$anonfun$1(MethodAnalyzer.scala:35)
	at scala.runtime.function.JProcedure1.apply(JProcedure1.java:15)
	at scala.runtime.function.JProcedure1.apply(JProcedure1.java:10)
	at scala.collection.IterableOnceOps.foreach(IterableOnce.scala:619)
	at scala.collection.IterableOnceOps.foreach$(IterableOnce.scala:617)
	at scala.collection.AbstractIterator.foreach(Iterator.scala:1303)
	at ai.glog.cpg.analysis.MethodAnalyzer$.getFieldsToRemediate(MethodAnalyzer.scala:24)
	at ai.glog.cpg.analysis.MethodAnalyzer.getFieldsToRemediate(MethodAnalyzer.scala)
	at ai.glog.plugins.spotbugs.bug.resolve.SpringMvcEndpointResolver.getFieldsToRemediate(SpringMvcEndpointResolver.java:246)
	at ai.glog.plugins.spotbugs.bug.resolve.SpringMvcEndpointResolver.getDetailText(SpringMvcEndpointResolver.java:182)
	at ai.glog.execute.workers.TriageAndRemediationCallableWorker.call(TriageAndRemediationCallableWorker.java:70)
	at ai.glog.execute.workers.TriageAndRemediationCallableWorker.call(TriageAndRemediationCallableWorker.java:32)
	at java.base/java.util.concurrent.FutureTask.run(FutureTask.java:317)
	at java.base/java.util.concurrent.ThreadPoolExecutor.runWorker(ThreadPoolExecutor.java:1144)
	at java.base/java.util.concurrent.ThreadPoolExecutor$Worker.run(ThreadPoolExecutor.java:642)
	at java.base/java.lang.Thread.run(Thread.java:1623)

